Assembler report for MANDELBROT_HW
Sat Jul  6 13:29:46 2024
Quartus Prime Version 23.1std.0 Build 991 11/28/2023 SC Lite Edition


---------------------
; Table of Contents ;
---------------------
  1. Legal Notice
  2. Assembler Summary
  3. Assembler Settings
  4. Assembler Generated Files
  5. Assembler Device Options: D:/software/verilog/MANDELBROT_HW/MANDELBROT_HW.sof
  6. Assembler Messages



----------------
; Legal Notice ;
----------------
Copyright (C) 2023  Intel Corporation. All rights reserved.
Your use of Intel Corporation's design tools, logic functions 
and other software and tools, and any partner logic 
functions, and any output files from any of the foregoing 
(including device programming or simulation files), and any 
associated documentation or information are expressly subject 
to the terms and conditions of the Intel Program License 
Subscription Agreement, the Intel Quartus Prime License Agreement,
the Intel FPGA IP License Agreement, or other applicable license
agreement, including, without limitation, that your use is for
the sole purpose of programming logic devices manufactured by
Intel and sold by Intel or its authorized distributors.  Please
refer to the applicable agreement for further details, at
https://fpgasoftware.intel.com/eula.



+---------------------------------------------------------------+
; Assembler Summary                                             ;
+-----------------------+---------------------------------------+
; Assembler Status      ; Successful - Sat Jul  6 13:29:46 2024 ;
; Revision Name         ; MANDELBROT_HW                         ;
; Top-level Entity Name ; MANDELBROT_HW                         ;
; Family                ; Cyclone V                             ;
; Device                ; 5CSEBA6U23I7                          ;
+-----------------------+---------------------------------------+


+----------------------------------+
; Assembler Settings               ;
+--------+---------+---------------+
; Option ; Setting ; Default Value ;
+--------+---------+---------------+


+-----------------------------------------------------+
; Assembler Generated Files                           ;
+-----------------------------------------------------+
; File Name                                           ;
+-----------------------------------------------------+
; D:/software/verilog/MANDELBROT_HW/MANDELBROT_HW.sof ;
+-----------------------------------------------------+


+-------------------------------------------------------------------------------+
; Assembler Device Options: D:/software/verilog/MANDELBROT_HW/MANDELBROT_HW.sof ;
+----------------+--------------------------------------------------------------+
; Option         ; Setting                                                      ;
+----------------+--------------------------------------------------------------+
; JTAG usercode  ; 0x072028DA                                                   ;
; Checksum       ; 0x072028DA                                                   ;
+----------------+--------------------------------------------------------------+


+--------------------+
; Assembler Messages ;
+--------------------+
Info: *******************************************************************
Info: Running Quartus Prime Assembler
    Info: Version 23.1std.0 Build 991 11/28/2023 SC Lite Edition
    Info: Processing started: Sat Jul  6 13:29:09 2024
Info: Command: quartus_asm --read_settings_files=off --write_settings_files=off MANDELBROT_HW -c MANDELBROT_HW
Info (115030): Assembler is generating device programming files
Info: Quartus Prime Assembler was successful. 0 errors, 0 warnings
    Info: Peak virtual memory: 4936 megabytes
    Info: Processing ended: Sat Jul  6 13:29:46 2024
    Info: Elapsed time: 00:00:37
    Info: Total CPU time (on all processors): 00:00:28


