Flow report for MANDELBROT_HW
Sat Jul  6 13:30:37 2024
Quartus Prime Version 23.1std.0 Build 991 11/28/2023 SC Lite Edition


---------------------
; Table of Contents ;
---------------------
  1. Legal Notice
  2. Flow Summary
  3. Flow Settings
  4. Flow Non-Default Global Settings
  5. Flow Elapsed Time
  6. Flow OS Summary
  7. Flow Log
  8. Flow Messages
  9. Flow Suppressed Messages



----------------
; Legal Notice ;
----------------
Copyright (C) 2023  Intel Corporation. All rights reserved.
Your use of Intel Corporation's design tools, logic functions 
and other software and tools, and any partner logic 
functions, and any output files from any of the foregoing 
(including device programming or simulation files), and any 
associated documentation or information are expressly subject 
to the terms and conditions of the Intel Program License 
Subscription Agreement, the Intel Quartus Prime License Agreement,
the Intel FPGA IP License Agreement, or other applicable license
agreement, including, without limitation, that your use is for
the sole purpose of programming logic devices manufactured by
Intel and sold by Intel or its authorized distributors.  Please
refer to the applicable agreement for further details, at
https://fpgasoftware.intel.com/eula.



+----------------------------------------------------------------------------------+
; Flow Summary                                                                     ;
+---------------------------------+------------------------------------------------+
; Flow Status                     ; Successful - Sat Jul  6 13:29:46 2024          ;
; Quartus Prime Version           ; 23.1std.0 Build 991 11/28/2023 SC Lite Edition ;
; Revision Name                   ; MANDELBROT_HW                                  ;
; Top-level Entity Name           ; MANDELBROT_HW                                  ;
; Family                          ; Cyclone V                                      ;
; Device                          ; 5CSEBA6U23I7                                   ;
; Timing Models                   ; Final                                          ;
; Logic utilization (in ALMs)     ; 473 / 41,910 ( 1 % )                           ;
; Total registers                 ; 607                                            ;
; Total pins                      ; 73 / 314 ( 23 % )                              ;
; Total virtual pins              ; 0                                              ;
; Total block memory bits         ; 2,621,440 / 5,662,720 ( 46 % )                 ;
; Total DSP Blocks                ; 3 / 112 ( 3 % )                                ;
; Total HSSI RX PCSs              ; 0                                              ;
; Total HSSI PMA RX Deserializers ; 0                                              ;
; Total HSSI TX PCSs              ; 0                                              ;
; Total HSSI PMA TX Serializers   ; 0                                              ;
; Total PLLs                      ; 2 / 6 ( 33 % )                                 ;
; Total DLLs                      ; 0 / 4 ( 0 % )                                  ;
+---------------------------------+------------------------------------------------+


+-----------------------------------------+
; Flow Settings                           ;
+-------------------+---------------------+
; Option            ; Setting             ;
+-------------------+---------------------+
; Start date & time ; 07/06/2024 13:26:51 ;
; Main task         ; Compilation         ;
; Revision Name     ; MANDELBROT_HW       ;
+-------------------+---------------------+


+------------------------------------------------------------------------------------------------------------------------------------------------------+
; Flow Non-Default Global Settings                                                                                                                     ;
+-------------------------------------+------------------------------------------------------------------+---------------+----------------+------------+
; Assignment Name                     ; Value                                                            ; Default Value ; Entity Name    ; Section Id ;
+-------------------------------------+------------------------------------------------------------------+---------------+----------------+------------+
; COMPILER_SIGNATURE_ID               ; 206776693497114.172026521154180                                  ; --            ; --             ; --         ;
; MAX_CORE_JUNCTION_TEMP              ; 100                                                              ; --            ; --             ; --         ;
; MIN_CORE_JUNCTION_TEMP              ; -40                                                              ; --            ; --             ; --         ;
; MISC_FILE                           ; pll/pll.cmp                                                      ; --            ; --             ; --         ;
; MISC_FILE                           ; mandebrot_plot/synthesis/../mandebrot_plot.cmp                   ; --            ; --             ; --         ;
; MISC_FILE                           ; mandebrot_plot/synthesis/../../mandebrot_plot.qsys               ; --            ; --             ; --         ;
; NUM_PARALLEL_PROCESSORS             ; 1                                                                ; --            ; --             ; --         ;
; PARTITION_COLOR                     ; -- (Not supported for targeted family)                           ; --            ; --             ; Top        ;
; PARTITION_FITTER_PRESERVATION_LEVEL ; -- (Not supported for targeted family)                           ; --            ; --             ; Top        ;
; PARTITION_NETLIST_TYPE              ; -- (Not supported for targeted family)                           ; --            ; --             ; Top        ;
; POWER_BOARD_THERMAL_MODEL           ; None (CONSERVATIVE)                                              ; --            ; --             ; --         ;
; POWER_PRESET_COOLING_SOLUTION       ; 23 MM HEAT SINK WITH 200 LFPM AIRFLOW                            ; --            ; --             ; --         ;
; SLD_FILE                            ; mandebrot_plot/synthesis/mandebrot_plot.debuginfo                ; --            ; --             ; --         ;
; SLD_INFO                            ; QSYS_NAME mandebrot_plot HAS_SOPCINFO 1 GENERATION_ID 1720265114 ; --            ; mandebrot_plot ; --         ;
; SMART_RECOMPILE                     ; On                                                               ; Off           ; --             ; --         ;
; SOPCINFO_FILE                       ; mandebrot_plot/synthesis/../../mandebrot_plot.sopcinfo           ; --            ; --             ; --         ;
; SYNTHESIS_ONLY_QIP                  ; On                                                               ; --            ; --             ; --         ;
; SYNTHESIS_ONLY_QIP                  ; On                                                               ; --            ; --             ; --         ;
+-------------------------------------+------------------------------------------------------------------+---------------+----------------+------------+


+--------------------------------------------------------------------------------------------------------------------------+
; Flow Elapsed Time                                                                                                        ;
+----------------------+--------------+-------------------------+---------------------+------------------------------------+
; Module Name          ; Elapsed Time ; Average Processors Used ; Peak Virtual Memory ; Total CPU Time (on all processors) ;
+----------------------+--------------+-------------------------+---------------------+------------------------------------+
; Analysis & Synthesis ; 00:00:30     ; 1.0                     ; 4881 MB             ; 00:00:27                           ;
; Fitter               ; 00:02:04     ; 1.0                     ; 6162 MB             ; 00:01:40                           ;
; Assembler            ; 00:00:37     ; 1.0                     ; 4936 MB             ; 00:00:28                           ;
; Timing Analyzer      ; 00:00:51     ; 1.0                     ; 5339 MB             ; 00:00:33                           ;
; Total                ; 00:04:02     ; --                      ; --                  ; 00:03:08                           ;
+----------------------+--------------+-------------------------+---------------------+------------------------------------+


+------------------------------------------------------------------------------------+
; Flow OS Summary                                                                    ;
+----------------------+------------------+------------+------------+----------------+
; Module Name          ; Machine Hostname ; OS Name    ; OS Version ; Processor type ;
+----------------------+------------------+------------+------------+----------------+
; Analysis & Synthesis ; minhle           ; Windows 10 ; 10.0       ; x86_64         ;
; Fitter               ; minhle           ; Windows 10 ; 10.0       ; x86_64         ;
; Assembler            ; minhle           ; Windows 10 ; 10.0       ; x86_64         ;
; Timing Analyzer      ; minhle           ; Windows 10 ; 10.0       ; x86_64         ;
+----------------------+------------------+------------+------------+----------------+


------------
; Flow Log ;
------------
quartus_map --read_settings_files=on --write_settings_files=off MANDELBROT_HW -c MANDELBROT_HW
quartus_fit --read_settings_files=off --write_settings_files=off MANDELBROT_HW -c MANDELBROT_HW
quartus_asm --read_settings_files=off --write_settings_files=off MANDELBROT_HW -c MANDELBROT_HW
quartus_sta MANDELBROT_HW -c MANDELBROT_HW



